D:\TEST\SUPERGRIDS\RELEASE\SUPERGRIDS.EXE
D:\TEST\SUPERGRIDS\RELEASE\SUPERGRIDS.PDB
D:\test\SuperGrids\SuperGrids\Release\cl.command.1.tlog
D:\test\SuperGrids\SuperGrids\Release\CL.read.1.tlog
D:\test\SuperGrids\SuperGrids\Release\CL.write.1.tlog
D:\TEST\SUPERGRIDS\SUPERGRIDS\RELEASE\COMMON.OBJ
D:\TEST\SUPERGRIDS\SUPERGRIDS\RELEASE\DBHELPER.OBJ
D:\test\SuperGrids\SuperGrids\Release\link.command.1.tlog
D:\test\SuperGrids\SuperGrids\Release\link.read.1.tlog
D:\test\SuperGrids\SuperGrids\Release\link.write.1.tlog
D:\test\SuperGrids\SuperGrids\Release\link-cvtres.read.1.tlog
D:\test\SuperGrids\SuperGrids\Release\link-cvtres.write.1.tlog
D:\TEST\SUPERGRIDS\SUPERGRIDS\RELEASE\MDSPI.OBJ
D:\test\SuperGrids\SuperGrids\Release\mt.command.1.tlog
D:\test\SuperGrids\SuperGrids\Release\mt.read.1.tlog
D:\test\SuperGrids\SuperGrids\Release\mt.write.1.tlog
D:\test\SuperGrids\SuperGrids\Release\rc.command.1.tlog
D:\test\SuperGrids\SuperGrids\Release\rc.read.1.tlog
D:\test\SuperGrids\SuperGrids\Release\rc.write.1.tlog
D:\TEST\SUPERGRIDS\SUPERGRIDS\RELEASE\STDAFX.OBJ
D:\TEST\SUPERGRIDS\SUPERGRIDS\RELEASE\SUPERGRIDS.EXE.INTERMEDIATE.MANIFEST
D:\TEST\SUPERGRIDS\SUPERGRIDS\RELEASE\SUPERGRIDS.OBJ
D:\TEST\SUPERGRIDS\SUPERGRIDS\RELEASE\SUPERGRIDS.PCH
D:\TEST\SUPERGRIDS\SUPERGRIDS\RELEASE\SUPERGRIDS.RES
D:\test\SuperGrids\SuperGrids\Release\SuperGrids.vcxprojResolveAssemblyReference.cache
D:\test\SuperGrids\SuperGrids\Release\SuperGrids.write.1.tlog
D:\TEST\SUPERGRIDS\SUPERGRIDS\RELEASE\TRADERSPI.OBJ
D:\TEST\SUPERGRIDS\SUPERGRIDS\RELEASE\VC100.PDB
